0 info it worked if it ends with ok
1 verbose cli [ 'C:\\Program Files\\nodejs\\node.exe',
1 verbose cli   'C:\\Program Files\\nodejs\\node_modules\\npm\\bin\\npm-cli.js',
1 verbose cli   'run',
1 verbose cli   'start' ]
2 info using npm@3.10.10
3 info using node@v6.10.3
4 verbose run-script [ 'prestart', 'start', 'poststart' ]
5 info lifecycle design-lab@1.0.0~prestart: design-lab@1.0.0
6 silly lifecycle design-lab@1.0.0~prestart: no script for prestart, continuing
7 info lifecycle design-lab@1.0.0~start: design-lab@1.0.0
8 verbose lifecycle design-lab@1.0.0~start: unsafe-perm in lifecycle true
9 verbose lifecycle design-lab@1.0.0~start: PATH: C:\Program Files\nodejs\node_modules\npm\bin\node-gyp-bin;C:\design-lab\node_modules\.bin;C:\Program Files\IBM\ILOG\CPLEX_Studio_Community127\opl\bin\x64_win64;C:\Program Files\IBM\ILOG\CPLEX_Studio_Community127\opl\oplide\;C:\Program Files\IBM\ILOG\CPLEX_Studio_Community127\cplex\bin\x64_win64;C:\Program Files\IBM\ILOG\CPLEX_Studio_Community127\cpoptimizer\bin\x64_win64;C:\ProgramData\Oracle\Java\javapath;c:\windows\system32;C:\MinGW\bin;c:\windows\system32\wbem;c:\windows\system32\windowspowershell\v1.0\;c:\program files (x86)\skype\phone\;C:\WINDOWS\system32;C:\WINDOWS;C:\WINDOWS\system32\wbem;C:\WINDOWS\system32\windowspowershell\v1.0\;C:\WINDOWS\system32;C:\WINDOWS;C:\WINDOWS\System32\Wbem;C:\WINDOWS\System32\WindowsPowerShell\v1.0\;C:\Users\anton\.dnx\bin;C:\Program Files\Microsoft DNX\Dnvm\;C:\Program Files\Microsoft SQL Server\130\Tools\Binn\;C:\Program Files (x86)\Windows Kits\8.1\Windows Performance Toolkit\;C:\Program Files\Microsoft\Web Platform Installer\;C:\Program Files\nodejs\;C:\Program Files\Git\cmd;C:\Program Files (x86)\Steel Bank Common Lisp\1.3.12\;C:\Program Files (x86)\NVIDIA Corporation\PhysX\Common;C:\Users\anton\AppData\Local\Microsoft\WindowsApps;C:\Python27\Scripts;C:\Python27;C:\Users\anton\AppData\Roaming\npm;;C:\Program Files\Microsoft VS Code\bin
10 verbose lifecycle design-lab@1.0.0~start: CWD: C:\design-lab
11 silly lifecycle design-lab@1.0.0~start: Args: [ '/d /s /c',
11 silly lifecycle   'webpack-dev-server --open --config webpack/webpack.dev.js' ]
12 silly lifecycle design-lab@1.0.0~start: Returned: code: 1  signal: null
13 info lifecycle design-lab@1.0.0~start: Failed to exec start script
14 verbose stack Error: design-lab@1.0.0 start: `webpack-dev-server --open --config webpack/webpack.dev.js`
14 verbose stack Exit status 1
14 verbose stack     at EventEmitter.<anonymous> (C:\Program Files\nodejs\node_modules\npm\lib\utils\lifecycle.js:255:16)
14 verbose stack     at emitTwo (events.js:106:13)
14 verbose stack     at EventEmitter.emit (events.js:191:7)
14 verbose stack     at ChildProcess.<anonymous> (C:\Program Files\nodejs\node_modules\npm\lib\utils\spawn.js:40:14)
14 verbose stack     at emitTwo (events.js:106:13)
14 verbose stack     at ChildProcess.emit (events.js:191:7)
14 verbose stack     at maybeClose (internal/child_process.js:886:16)
14 verbose stack     at Process.ChildProcess._handle.onexit (internal/child_process.js:226:5)
15 verbose pkgid design-lab@1.0.0
16 verbose cwd C:\design-lab
17 error Windows_NT 10.0.15063
18 error argv "C:\\Program Files\\nodejs\\node.exe" "C:\\Program Files\\nodejs\\node_modules\\npm\\bin\\npm-cli.js" "run" "start"
19 error node v6.10.3
20 error npm  v3.10.10
21 error code ELIFECYCLE
22 error design-lab@1.0.0 start: `webpack-dev-server --open --config webpack/webpack.dev.js`
22 error Exit status 1
23 error Failed at the design-lab@1.0.0 start script 'webpack-dev-server --open --config webpack/webpack.dev.js'.
23 error Make sure you have the latest version of node.js and npm installed.
23 error If you do, this is most likely a problem with the design-lab package,
23 error not with npm itself.
23 error Tell the author that this fails on your system:
23 error     webpack-dev-server --open --config webpack/webpack.dev.js
23 error You can get information on how to open an issue for this project with:
23 error     npm bugs design-lab
23 error Or if that isn't available, you can get their info via:
23 error     npm owner ls design-lab
23 error There is likely additional logging output above.
24 verbose exit [ 1, true ]
